build/app/intermediates/manifest_merge_blame_file/release/manifest-merger-blame-release-report.txt
1<?xml version="1.0" encoding="utf-8"?>
2<manifest xmlns:android="http://schemas.android.com/apk/res/android"
3    package="com.branchx.ww.branchx"
4    android:versionCode="1"
5    android:versionName="1.0.0" >
6
7    <uses-sdk
8        android:minSdkVersion="20"
8-->src/main/AndroidManifest.xml
9        android:targetSdkVersion="31" />
9-->src/main/AndroidManifest.xml
10
11    <uses-permission android:name="android.permission.ACCESS_NETWORK_STATE" />
11-->[:connectivity] AndroidManifest.xml:9:5-79
11-->[:connectivity] AndroidManifest.xml:9:22-76
12    <uses-permission android:name="android.permission.INTERNET" />
12-->[com.razorpay:checkout:1.6.19] AndroidManifest.xml:9:5-67
12-->[com.razorpay:checkout:1.6.19] AndroidManifest.xml:9:22-64
13
14    <queries>
14-->[com.razorpay:checkout:1.6.19] AndroidManifest.xml:11:5-37:15
15        <intent>
15-->[com.razorpay:checkout:1.6.19] AndroidManifest.xml:12:9-18:18
16            <action android:name="android.intent.action.VIEW" />
16-->[com.razorpay:checkout:1.6.19] AndroidManifest.xml:13:13-65
16-->[com.razorpay:checkout:1.6.19] AndroidManifest.xml:13:21-62
17
18            <data
18-->[com.razorpay:checkout:1.6.19] AndroidManifest.xml:15:13-17:38
19                android:mimeType="*/*"
19-->[com.razorpay:checkout:1.6.19] AndroidManifest.xml:16:17-39
20                android:scheme="*" />
20-->[com.razorpay:checkout:1.6.19] AndroidManifest.xml:17:17-35
21        </intent>
22        <intent>
22-->[com.razorpay:checkout:1.6.19] AndroidManifest.xml:19:9-28:18
23            <action android:name="android.intent.action.VIEW" />
23-->[com.razorpay:checkout:1.6.19] AndroidManifest.xml:13:13-65
23-->[com.razorpay:checkout:1.6.19] AndroidManifest.xml:13:21-62
24
25            <category android:name="android.intent.category.BROWSABLE" />
25-->[com.razorpay:checkout:1.6.19] AndroidManifest.xml:22:13-74
25-->[com.razorpay:checkout:1.6.19] AndroidManifest.xml:22:23-71
26
27            <data
27-->[com.razorpay:checkout:1.6.19] AndroidManifest.xml:15:13-17:38
28                android:host="pay"
29                android:mimeType="*/*"
29-->[com.razorpay:checkout:1.6.19] AndroidManifest.xml:16:17-39
30                android:scheme="upi" />
30-->[com.razorpay:checkout:1.6.19] AndroidManifest.xml:17:17-35
31        </intent>
32        <intent>
32-->[com.razorpay:checkout:1.6.19] AndroidManifest.xml:29:9-31:18
33            <action android:name="android.intent.action.MAIN" />
33-->src/main/AndroidManifest.xml:24:17-68
33-->src/main/AndroidManifest.xml:24:25-66
34        </intent>
35        <intent>
35-->[com.razorpay:checkout:1.6.19] AndroidManifest.xml:32:9-36:18
36            <action android:name="android.intent.action.SEND" />
36-->[com.razorpay:checkout:1.6.19] AndroidManifest.xml:33:13-65
36-->[com.razorpay:checkout:1.6.19] AndroidManifest.xml:33:21-62
37
38            <data android:mimeType="*/*" />
38-->[com.razorpay:checkout:1.6.19] AndroidManifest.xml:15:13-17:38
38-->[com.razorpay:checkout:1.6.19] AndroidManifest.xml:16:17-39
39        </intent>
40    </queries>
41
42    <uses-feature
42-->[com.google.android.gms:play-services-maps:17.0.0] AndroidManifest.xml:26:5-28:35
43        android:glEsVersion="0x00020000"
43-->[com.google.android.gms:play-services-maps:17.0.0] AndroidManifest.xml:27:9-41
44        android:required="true" />
44-->[com.google.android.gms:play-services-maps:17.0.0] AndroidManifest.xml:28:9-32
45
46    <application
47        android:name="android.app.Application"
47-->src/main/AndroidManifest.xml:5:9-42
48        android:appComponentFactory="androidx.core.app.CoreComponentFactory"
48-->[androidx.core:core:1.6.0] AndroidManifest.xml:24:18-86
49        android:icon="@mipmap/launcher_icon"
49-->src/main/AndroidManifest.xml:6:9-45
50        android:label="branchx" >
50-->src/main/AndroidManifest.xml:4:9-32
51        <activity
51-->src/main/AndroidManifest.xml:7:9-27:20
52            android:name="com.branchx.ww.branchx.MainActivity"
52-->src/main/AndroidManifest.xml:8:13-41
53            android:configChanges="orientation|keyboardHidden|keyboard|screenSize|smallestScreenSize|locale|layoutDirection|fontScale|screenLayout|density|uiMode"
53-->src/main/AndroidManifest.xml:12:13-163
54            android:exported="true"
54-->src/main/AndroidManifest.xml:9:13-36
55            android:hardwareAccelerated="true"
55-->src/main/AndroidManifest.xml:13:13-47
56            android:launchMode="singleTop"
56-->src/main/AndroidManifest.xml:10:13-43
57            android:theme="@style/LaunchTheme"
57-->src/main/AndroidManifest.xml:11:13-47
58            android:windowSoftInputMode="adjustResize" >
58-->src/main/AndroidManifest.xml:14:13-55
59
60            <!--
61                 Specifies an Android theme to apply to this Activity as soon as
62                 the Android process has started. This theme is visible to the user
63                 while the Flutter UI initializes. After that, this theme continues
64                 to determine the Window background behind the Flutter UI.
65            -->
66            <meta-data
66-->src/main/AndroidManifest.xml:19:13-22:17
67                android:name="io.flutter.embedding.android.NormalTheme"
67-->src/main/AndroidManifest.xml:20:15-70
68                android:resource="@style/NormalTheme" />
68-->src/main/AndroidManifest.xml:21:15-52
69
70            <intent-filter>
70-->src/main/AndroidManifest.xml:23:13-26:29
71                <action android:name="android.intent.action.MAIN" />
71-->src/main/AndroidManifest.xml:24:17-68
71-->src/main/AndroidManifest.xml:24:25-66
72
73                <category android:name="android.intent.category.LAUNCHER" />
73-->src/main/AndroidManifest.xml:25:17-76
73-->src/main/AndroidManifest.xml:25:27-74
74            </intent-filter>
75        </activity>
76        <!--
77             Don't delete the meta-data below.
78             This is used by the Flutter tool to generate GeneratedPluginRegistrant.java
79        -->
80        <meta-data
80-->src/main/AndroidManifest.xml:30:9-32:33
81            android:name="flutterEmbedding"
81-->src/main/AndroidManifest.xml:31:13-44
82            android:value="2" />
82-->src/main/AndroidManifest.xml:32:13-30
83
84        <activity
84-->[:url_launcher_android] AndroidManifest.xml:10:9-13:74
85            android:name="io.flutter.plugins.urllauncher.WebViewActivity"
85-->[:url_launcher_android] AndroidManifest.xml:11:13-74
86            android:exported="false"
86-->[:url_launcher_android] AndroidManifest.xml:12:13-37
87            android:theme="@android:style/Theme.NoTitleBar.Fullscreen" />
87-->[:url_launcher_android] AndroidManifest.xml:13:13-71
88
89        <uses-library
89-->[androidx.window:window:1.0.0-beta04] AndroidManifest.xml:25:9-27:40
90            android:name="androidx.window.extensions"
90-->[androidx.window:window:1.0.0-beta04] AndroidManifest.xml:26:13-54
91            android:required="false" />
91-->[androidx.window:window:1.0.0-beta04] AndroidManifest.xml:27:13-37
92        <uses-library
92-->[androidx.window:window:1.0.0-beta04] AndroidManifest.xml:28:9-30:40
93            android:name="androidx.window.sidecar"
93-->[androidx.window:window:1.0.0-beta04] AndroidManifest.xml:29:13-51
94            android:required="false" />
94-->[androidx.window:window:1.0.0-beta04] AndroidManifest.xml:30:13-37
95
96        <receiver
96-->[com.razorpay:checkout:1.6.19] AndroidManifest.xml:40:9-46:20
97            android:name="com.razorpay.RzpTokenReceiver"
97-->[com.razorpay:checkout:1.6.19] AndroidManifest.xml:41:13-57
98            android:exported="false" >
98-->[com.razorpay:checkout:1.6.19] AndroidManifest.xml:42:13-37
99            <intent-filter>
99-->[com.razorpay:checkout:1.6.19] AndroidManifest.xml:43:13-45:29
100                <action android:name="rzp.device_token.share" />
100-->[com.razorpay:checkout:1.6.19] AndroidManifest.xml:44:17-65
100-->[com.razorpay:checkout:1.6.19] AndroidManifest.xml:44:25-62
101            </intent-filter>
102        </receiver>
103
104        <activity
104-->[com.razorpay:checkout:1.6.19] AndroidManifest.xml:48:9-60:20
105            android:name="com.razorpay.CheckoutActivity"
105-->[com.razorpay:checkout:1.6.19] AndroidManifest.xml:49:13-57
106            android:configChanges="keyboard|keyboardHidden|orientation|screenSize"
106-->[com.razorpay:checkout:1.6.19] AndroidManifest.xml:50:13-83
107            android:exported="true"
107-->[com.razorpay:checkout:1.6.19] AndroidManifest.xml:51:13-36
108            android:theme="@style/CheckoutTheme" >
108-->[com.razorpay:checkout:1.6.19] AndroidManifest.xml:52:13-49
109            <intent-filter>
109-->[com.razorpay:checkout:1.6.19] AndroidManifest.xml:53:13-59:29
110                <action android:name="android.intent.action.MAIN" />
110-->src/main/AndroidManifest.xml:24:17-68
110-->src/main/AndroidManifest.xml:24:25-66
111
112                <data
112-->[com.razorpay:checkout:1.6.19] AndroidManifest.xml:15:13-17:38
113                    android:host="rzp.io"
114                    android:scheme="io.rzp" />
114-->[com.razorpay:checkout:1.6.19] AndroidManifest.xml:17:17-35
115            </intent-filter>
116        </activity>
117
118        <meta-data
118-->[com.razorpay:checkout:1.6.19] AndroidManifest.xml:62:9-64:58
119            android:name="com.razorpay.plugin.googlepay_all"
119-->[com.razorpay:checkout:1.6.19] AndroidManifest.xml:63:13-61
120            android:value="com.razorpay.RzpGpayMerged" />
120-->[com.razorpay:checkout:1.6.19] AndroidManifest.xml:64:13-55
121
122        <activity
122-->[com.google.android.gms:play-services-auth:17.0.0] AndroidManifest.xml:23:9-27:75
123            android:name="com.google.android.gms.auth.api.signin.internal.SignInHubActivity"
123-->[com.google.android.gms:play-services-auth:17.0.0] AndroidManifest.xml:24:13-93
124            android:excludeFromRecents="true"
124-->[com.google.android.gms:play-services-auth:17.0.0] AndroidManifest.xml:25:13-46
125            android:exported="false"
125-->[com.google.android.gms:play-services-auth:17.0.0] AndroidManifest.xml:26:13-37
126            android:theme="@android:style/Theme.Translucent.NoTitleBar" />
126-->[com.google.android.gms:play-services-auth:17.0.0] AndroidManifest.xml:27:13-72
127        <!--
128            Service handling Google Sign-In user revocation. For apps that do not integrate with
129            Google Sign-In, this service will never be started.
130        -->
131        <service
131-->[com.google.android.gms:play-services-auth:17.0.0] AndroidManifest.xml:33:9-36:110
132            android:name="com.google.android.gms.auth.api.signin.RevocationBoundService"
132-->[com.google.android.gms:play-services-auth:17.0.0] AndroidManifest.xml:34:13-89
133            android:exported="true"
133-->[com.google.android.gms:play-services-auth:17.0.0] AndroidManifest.xml:35:13-36
134            android:permission="com.google.android.gms.auth.api.signin.permission.REVOCATION_NOTIFICATION" /> <!-- Needs to be explicitly declared on P+ -->
134-->[com.google.android.gms:play-services-auth:17.0.0] AndroidManifest.xml:36:13-107
135        <uses-library
135-->[com.google.android.gms:play-services-maps:17.0.0] AndroidManifest.xml:33:9-35:40
136            android:name="org.apache.http.legacy"
136-->[com.google.android.gms:play-services-maps:17.0.0] AndroidManifest.xml:34:13-50
137            android:required="false" />
137-->[com.google.android.gms:play-services-maps:17.0.0] AndroidManifest.xml:35:13-37
138
139        <activity
139-->[com.google.android.gms:play-services-base:17.5.0] AndroidManifest.xml:23:9-26:75
140            android:name="com.google.android.gms.common.api.GoogleApiActivity"
140-->[com.google.android.gms:play-services-base:17.5.0] AndroidManifest.xml:24:13-79
141            android:exported="false"
141-->[com.google.android.gms:play-services-base:17.5.0] AndroidManifest.xml:25:13-37
142            android:theme="@android:style/Theme.Translucent.NoTitleBar" />
142-->[com.google.android.gms:play-services-base:17.5.0] AndroidManifest.xml:26:13-72
143
144        <meta-data
144-->[com.google.android.gms:play-services-basement:17.6.0] AndroidManifest.xml:23:9-25:69
145            android:name="com.google.android.gms.version"
145-->[com.google.android.gms:play-services-basement:17.6.0] AndroidManifest.xml:24:13-58
146            android:value="@integer/google_play_services_version" />
146-->[com.google.android.gms:play-services-basement:17.6.0] AndroidManifest.xml:25:13-66
147    </application>
148
149</manifest>